{"contracts/Adoption.sol":{"l":{"9":1,"11":1,"13":1,"19":1},"path":"/Users/stargirl/Developer/ETHDenver/truffle-pet/contracts/Adoption.sol","s":{"1":1,"2":1,"3":1,"4":1},"b":{"1":[1,0]},"f":{"1":1,"2":1},"fnMap":{"1":{"name":"adopt","line":8,"loc":{"start":{"line":8,"column":2},"end":{"line":8,"column":49}}},"2":{"name":"getAdopters","line":18,"loc":{"start":{"line":18,"column":2},"end":{"line":18,"column":57}}}},"statementMap":{"1":{"start":{"line":9,"column":4},"end":{"line":9,"column":37}},"2":{"start":{"line":11,"column":4},"end":{"line":11,"column":31}},"3":{"start":{"line":13,"column":4},"end":{"line":13,"column":16}},"4":{"start":{"line":19,"column":4},"end":{"line":19,"column":19}}},"branchMap":{"1":{"line":9,"type":"if","locations":[{"start":{"line":9,"column":4},"end":{"line":9,"column":4}},{"start":{"line":9,"column":4},"end":{"line":9,"column":4}}]}}}}